#
# A fatal error has been detected by the Java Runtime Environment:
#
#  SIGSEGV (0xb) at pc=0x0062cd26, pid=14643, tid=3067173744
#
# JRE version: 6.0_17-b04
# Java VM: Java HotSpot(TM) Server VM (14.3-b01 mixed mode linux-x86 )
# Problematic frame:
# C  [libc.so.6+0x70d26]
#
# If you would like to submit a bug report, please visit:
#   http://java.sun.com/webapps/bugreport/crash.jsp
# The crash happened outside the Java Virtual Machine in native code.
# See problematic frame for where to report the bug.
#

---------------  T H R E A D  ---------------

Current thread (0xb6b05000):  JavaThread "main" [_thread_in_native, id=14646, stack(0xb6cc5000,0xb6d16000)]

siginfo:si_signo=SIGSEGV: si_errno=0, si_code=1 (SEGV_MAPERR), si_addr=0x0020000c

Registers:
EAX=0x00000000, EBX=0x0072bff4, ECX=0x902201d0, EDX=0x00200000
ESP=0xb6d14bb4, EBP=0xb6d14c08, ESI=0x90220170, EDI=0x00000060
EIP=0x0062cd26, CR2=0x0020000c, EFLAGS=0x00210246

Top of Stack: (sp=0xb6d14bb4)
0xb6d14bb4:   b050fb40 b741f67c b741f67c 4bf1aaf6
0xb6d14bc4:   11cefca3 b6b83d28 b6d14bd0 b6b05000
0xb6d14bd4:   00000000 000442e2 b70a5057 b6b05000
0xb6d14be4:   00000000 b6b05000 b742c7c0 0062f301
0xb6d14bf4:   b6b00010 00000010 b6cc46e8 90220178
0xb6d14c04:   b6b05110 b6d14c18 b6cb31bf 00000000
0xb6d14c14:   b6cc46e8 b6d14c48 b6cb1079 b6b05110
0xb6d14c24:   b6d14cbc 90220178 0000000b b6b05000 

Instructions: (pc=0x0062cd26)
0x0062cd16:   00 c6 45 e8 01 e9 87 fd ff ff 8b 51 08 8b 41 0c
0x0062cd26:   3b 4a 0c 0f 85 aa 02 00 00 3b 48 08 0f 85 a1 02 

Stack: [0xb6cc5000,0xb6d16000],  sp=0xb6d14bb4,  free space=318k
Native frames: (J=compiled Java code, j=interpreted, Vv=VM code, C=native code)
C  [libc.so.6+0x70d26]
C  [libjava.so+0x131bf]  JNU_ReleaseStringPlatformChars+0x1f
C  [libjava.so+0x11079]
C  [libjava.so+0xca01]  Java_java_io_FileOutputStream_open+0x41
j  java.io.FileOutputStream.open(Ljava/lang/String;)V+0
j  java.io.FileOutputStream.<init>(Ljava/io/File;Z)V+85
j  java.io.FileOutputStream.<init>(Ljava/lang/String;)V+18
j  java.io.FileWriter.<init>(Ljava/lang/String;)V+6
j  org.apache.tools.ant.taskdefs.optional.junit.JUnitTestRunner.registerTestCase(Ljava/lang/String;)V+15
j  org.apache.tools.ant.taskdefs.optional.junit.JUnitTestRunner.access$0(Ljava/lang/String;)V+1
j  org.apache.tools.ant.taskdefs.optional.junit.JUnitTestRunner$2.startTest(Ljunit/framework/Test;)V+4
j  org.apache.tools.ant.taskdefs.optional.junit.JUnitTestRunner$3.startTest(Ljunit/framework/Test;)V+5
j  junit.framework.TestResult.startTest(Ljunit/framework/Test;)V+50
j  junit.framework.TestResult.run(Ljunit/framework/TestCase;)V+2
j  junit.framework.TestCase.run(Ljunit/framework/TestResult;)V+2
j  junit.framework.TestSuite.runTest(Ljunit/framework/Test;Ljunit/framework/TestResult;)V+2
j  junit.framework.TestSuite.run(Ljunit/framework/TestResult;)V+31
j  org.apache.tools.ant.taskdefs.optional.junit.JUnitTestRunner.run()V+438
j  org.apache.tools.ant.taskdefs.optional.junit.JUnitTestRunner.launch(Lorg/apache/tools/ant/taskdefs/optional/junit/JUnitTest;ZZZZZZ)I+39
j  org.apache.tools.ant.taskdefs.optional.junit.JUnitTestRunner.main([Ljava/lang/String;)V+763
v  ~StubRoutines::call_stub
V  [libjvm.so+0x36ca20]
V  [libjvm.so+0x530828]
V  [libjvm.so+0x36c87f]
V  [libjvm.so+0x39ca83]
V  [libjvm.so+0x38cd4c]
C  [java+0x1b98]  JavaMain+0x2c8
C  [libpthread.so.0+0x5ab5]

Java frames: (J=compiled Java code, j=interpreted, Vv=VM code)
j  java.io.FileOutputStream.open(Ljava/lang/String;)V+0
j  java.io.FileOutputStream.<init>(Ljava/io/File;Z)V+85
j  java.io.FileOutputStream.<init>(Ljava/lang/String;)V+18
j  java.io.FileWriter.<init>(Ljava/lang/String;)V+6
j  org.apache.tools.ant.taskdefs.optional.junit.JUnitTestRunner.registerTestCase(Ljava/lang/String;)V+15
j  org.apache.tools.ant.taskdefs.optional.junit.JUnitTestRunner.access$0(Ljava/lang/String;)V+1
j  org.apache.tools.ant.taskdefs.optional.junit.JUnitTestRunner$2.startTest(Ljunit/framework/Test;)V+4
j  org.apache.tools.ant.taskdefs.optional.junit.JUnitTestRunner$3.startTest(Ljunit/framework/Test;)V+5
j  junit.framework.TestResult.startTest(Ljunit/framework/Test;)V+50
j  junit.framework.TestResult.run(Ljunit/framework/TestCase;)V+2
j  junit.framework.TestCase.run(Ljunit/framework/TestResult;)V+2
j  junit.framework.TestSuite.runTest(Ljunit/framework/Test;Ljunit/framework/TestResult;)V+2
j  junit.framework.TestSuite.run(Ljunit/framework/TestResult;)V+31
j  org.apache.tools.ant.taskdefs.optional.junit.JUnitTestRunner.run()V+438
j  org.apache.tools.ant.taskdefs.optional.junit.JUnitTestRunner.launch(Lorg/apache/tools/ant/taskdefs/optional/junit/JUnitTest;ZZZZZZ)I+39
j  org.apache.tools.ant.taskdefs.optional.junit.JUnitTestRunner.main([Ljava/lang/String;)V+763
v  ~StubRoutines::call_stub

---------------  P R O C E S S  ---------------

Java Threads: ( => current thread )
  0xb6b9b400 JavaThread "Low Memory Detector" daemon [_thread_blocked, id=14655, stack(0x90475000,0x904c6000)]
  0xb6b99000 JavaThread "CompilerThread1" daemon [_thread_blocked, id=14654, stack(0x904c6000,0x90547000)]
  0xb6b97800 JavaThread "CompilerThread0" daemon [_thread_blocked, id=14653, stack(0x90547000,0x905c8000)]
  0xb6b96000 JavaThread "Signal Dispatcher" daemon [_thread_blocked, id=14652, stack(0x905c8000,0x90619000)]
  0xb6b86800 JavaThread "Finalizer" daemon [_thread_blocked, id=14651, stack(0x90819000,0x9086a000)]
  0xb6b85000 JavaThread "Reference Handler" daemon [_thread_blocked, id=14650, stack(0x90b2e000,0x90b7f000)]
=>0xb6b05000 JavaThread "main" [_thread_in_native, id=14646, stack(0xb6cc5000,0xb6d16000)]

Other Threads:
  0xb6b81000 VMThread [stack: 0x90b7f000,0x90c00000] [id=14649]
  0xb6b9cc00 WatcherThread [stack: 0x903f4000,0x90475000] [id=14656]

VM state:not at safepoint (normal execution)

VM Mutex/Monitor currently owned by a thread: None

Heap
 PSYoungGen      total 3584K, used 1681K [0xb03d0000, 0xb07d0000, 0xb3a40000)
  eden space 3072K, 42% used [0xb03d0000,0xb0514690,0xb06d0000)
  from space 512K, 75% used [0xb06d0000,0xb0730080,0xb0750000)
  to   space 512K, 0% used [0xb0750000,0xb0750000,0xb07d0000)
 PSOldGen        total 27904K, used 0K [0x95040000, 0x96b80000, 0xb03d0000)
  object space 27904K, 0% used [0x95040000,0x95040000,0x96b80000)
 PSPermGen       total 16384K, used 3443K [0x91040000, 0x92040000, 0x95040000)
  object space 16384K, 21% used [0x91040000,0x9139cef8,0x92040000)

Dynamic libraries:
002ab000-003ef000 r-xp 00000000 fd:00 7627       /usr/lib/libxml2.so.2.7.6
003ef000-003f4000 rwxp 00143000 fd:00 7627       /usr/lib/libxml2.so.2.7.6
003f4000-003f5000 rwxp 00000000 00:00 0 
003f7000-00568000 r-xp 00000000 fd:00 49628      /usr/lib/libcrypto.so.1.0.0
00568000-0057c000 rwxp 00170000 fd:00 49628      /usr/lib/libcrypto.so.1.0.0
0057c000-0057f000 rwxp 00000000 00:00 0 
0058b000-0058d000 r-xp 00000000 fd:00 44853      /lib/libcom_err.so.2.1
0058d000-0058e000 rwxp 00002000 fd:00 44853      /lib/libcom_err.so.2.1
00590000-00592000 r-xp 00000000 fd:00 10141      /lib/libkeyutils-1.2.so
00592000-00593000 rwxp 00001000 fd:00 10141      /lib/libkeyutils-1.2.so
0059a000-005b8000 r-xp 00000000 fd:00 4823       /lib/ld-2.11.1.so
005b8000-005b9000 r-xp 0001d000 fd:00 4823       /lib/ld-2.11.1.so
005b9000-005ba000 rwxp 0001e000 fd:00 4823       /lib/ld-2.11.1.so
005bc000-0072a000 r-xp 00000000 fd:00 4824       /lib/libc-2.11.1.so
0072a000-0072c000 r-xp 0016e000 fd:00 4824       /lib/libc-2.11.1.so
0072c000-0072d000 rwxp 00170000 fd:00 4824       /lib/libc-2.11.1.so
0072d000-00730000 rwxp 00000000 00:00 0 
00732000-00735000 r-xp 00000000 fd:00 19771      /lib/libdl-2.11.1.so
00735000-00736000 r-xp 00002000 fd:00 19771      /lib/libdl-2.11.1.so
00736000-00737000 rwxp 00003000 fd:00 19771      /lib/libdl-2.11.1.so
00739000-0074f000 r-xp 00000000 fd:00 10100      /lib/libpthread-2.11.1.so
0074f000-00750000 r-xp 00015000 fd:00 10100      /lib/libpthread-2.11.1.so
00750000-00751000 rwxp 00016000 fd:00 10100      /lib/libpthread-2.11.1.so
00751000-00753000 rwxp 00000000 00:00 0 
00755000-0077d000 r-xp 00000000 fd:00 7949       /lib/libm-2.11.1.so
0077d000-0077e000 r-xp 00027000 fd:00 7949       /lib/libm-2.11.1.so
0077e000-0077f000 rwxp 00028000 fd:00 7949       /lib/libm-2.11.1.so
00781000-00793000 r-xp 00000000 fd:00 10904      /lib/libz.so.1.2.3
00793000-00794000 rwxp 00011000 fd:00 10904      /lib/libz.so.1.2.3
00796000-0079d000 r-xp 00000000 fd:00 10101      /lib/librt-2.11.1.so
0079d000-0079e000 r-xp 00006000 fd:00 10101      /lib/librt-2.11.1.so
0079e000-0079f000 rwxp 00007000 fd:00 10101      /lib/librt-2.11.1.so
007a1000-007bd000 r-xp 00000000 fd:00 41904      /lib/libselinux.so.1
007bd000-007be000 r-xp 0001b000 fd:00 41904      /lib/libselinux.so.1
007be000-007bf000 rwxp 0001c000 fd:00 41904      /lib/libselinux.so.1
007c1000-007c9000 r-xp 00000000 fd:00 8154       /usr/lib/libnuma.so.1
007c9000-007ca000 rwxp 00007000 fd:00 8154       /usr/lib/libnuma.so.1
007cc000-007dc000 r-xp 00000000 fd:00 4033       /usr/lib/libfa.so.1.3.1
007dc000-007dd000 rwxp 0000f000 fd:00 4033       /usr/lib/libfa.so.1.3.1
007e7000-0081f000 r-xp 00000000 fd:00 10552      /usr/lib/libaugeas.so.0.10.2
0081f000-00820000 rwxp 00038000 fd:00 10552      /usr/lib/libaugeas.so.0.10.2
00822000-0082f000 r-xp 00000000 fd:00 79876      /usr/lib/libnetcf.so.1.3.3
0082f000-00830000 rwxp 0000d000 fd:00 79876      /usr/lib/libnetcf.so.1.3.3
00832000-00837000 r-xp 00000000 fd:00 13568      /usr/lib/libxenstore.so.3.0.0
00837000-00838000 rwxp 00004000 fd:00 13568      /usr/lib/libxenstore.so.3.0.0
00838000-0083b000 rwxp 00000000 00:00 0 
008f2000-00906000 r-xp 00000000 fd:00 41903      /lib/libresolv-2.11.1.so
00906000-00907000 ---p 00014000 fd:00 41903      /lib/libresolv-2.11.1.so
00907000-00908000 r-xp 00014000 fd:00 41903      /lib/libresolv-2.11.1.so
00908000-00909000 rwxp 00015000 fd:00 41903      /lib/libresolv-2.11.1.so
00909000-0090b000 rwxp 00000000 00:00 0 
00a72000-00aa7000 r-xp 00000000 fd:00 26568      /lib/libreadline.so.6.0
00aa7000-00aab000 rwxp 00035000 fd:00 26568      /lib/libreadline.so.6.0
00aab000-00aac000 rwxp 00000000 00:00 0 
00aae000-00ae9000 r-xp 00000000 fd:00 57246      /lib/libsepol.so.1
00ae9000-00aea000 rwxp 0003b000 fd:00 57246      /lib/libsepol.so.1
00aec000-00b0b000 r-xp 00000000 fd:00 57287      /lib/libdevmapper.so.1.02
00b0b000-00b0d000 rwxp 0001f000 fd:00 57287      /lib/libdevmapper.so.1.02
00b5f000-00baf000 r-xp 00000000 fd:00 68056      /usr/lib/libnl.so.1.1
00baf000-00bb2000 rwxp 0004f000 fd:00 68056      /usr/lib/libnl.so.1.1
00c64000-00c68000 r-xp 00000000 fd:00 10102      /lib/libcap-ng.so.0.0.0
00c68000-00c69000 r-xp 00003000 fd:00 10102      /lib/libcap-ng.so.0.0.0
00c69000-00c6a000 rwxp 00004000 fd:00 10102      /lib/libcap-ng.so.0.0.0
00cb5000-00ddb000 r-xp 00000000 fd:00 10112      /usr/lib/libvirt.so.0.7.1
00ddb000-00dde000 rwxp 00126000 fd:00 10112      /usr/lib/libvirt.so.0.7.1
00dde000-00def000 rwxp 00000000 00:00 0 
04198000-041dd000 r-xp 00000000 fd:00 6616       /lib/libfreebl3.so
041dd000-041de000 rwxp 00045000 fd:00 6616       /lib/libfreebl3.so
041de000-041e2000 rwxp 00000000 00:00 0 
041e4000-041eb000 r-xp 00000000 fd:00 6621       /lib/libcrypt-2.11.1.so
041eb000-041ec000 r-xp 00007000 fd:00 6621       /lib/libcrypt-2.11.1.so
041ec000-041ed000 rwxp 00008000 fd:00 6621       /lib/libcrypt-2.11.1.so
041ed000-04214000 rwxp 00000000 00:00 0 
04216000-0422f000 r-xp 00000000 fd:00 6646       /usr/lib/libsasl2.so.2.0.23
0422f000-04230000 rwxp 00018000 fd:00 6646       /usr/lib/libsasl2.so.2.0.23
04232000-04259000 r-xp 00000000 fd:00 7088       /usr/lib/libnssdbm3.so
04259000-0425a000 rwxp 00026000 fd:00 7088       /usr/lib/libnssdbm3.so
0425c000-04297000 r-xp 00000000 fd:00 7099       /usr/lib/libsoftokn3.so
04297000-04298000 rwxp 0003b000 fd:00 7099       /usr/lib/libsoftokn3.so
0429a000-042de000 r-xp 00000000 fd:00 7314       /usr/lib/libldap-2.4.so.2.5.2
042de000-042df000 rwxp 00044000 fd:00 7314       /usr/lib/libldap-2.4.so.2.5.2
042e1000-04331000 r-xp 00000000 fd:00 7316       /usr/lib/libcurl.so.4.1.1
04331000-04333000 rwxp 0004f000 fd:00 7316       /usr/lib/libcurl.so.4.1.1
04b9c000-04bc6000 r-xp 00000000 fd:00 44851      /lib/libk5crypto.so.3.1
04bc6000-04bc7000 rwxp 0002a000 fd:00 44851      /lib/libk5crypto.so.3.1
04bc9000-04bd1000 r-xp 00000000 fd:00 42973      /lib/libkrb5support.so.0.1
04bd1000-04bd2000 rwxp 00007000 fd:00 42973      /lib/libkrb5support.so.0.1
04bd4000-04c01000 r-xp 00000000 fd:00 47281      /lib/libgssapi_krb5.so.2.2
04c01000-04c02000 rwxp 0002d000 fd:00 47281      /lib/libgssapi_krb5.so.2.2
04c04000-04cb7000 r-xp 00000000 fd:00 46747      /lib/libkrb5.so.3.3
04cb7000-04cbd000 rwxp 000b3000 fd:00 46747      /lib/libkrb5.so.3.3
04cbf000-04d11000 r-xp 00000000 fd:00 50370      /usr/lib/libssl.so.1.0.0
04d11000-04d15000 rwxp 00051000 fd:00 50370      /usr/lib/libssl.so.1.0.0
04d30000-04d33000 r-xp 00000000 fd:00 55774      /lib/libgpg-error.so.0.4.0
04d33000-04d34000 rwxp 00002000 fd:00 55774      /lib/libgpg-error.so.0.4.0
04d36000-04d4c000 r-xp 00000000 fd:00 50454      /lib/libtinfo.so.5.7
04d4c000-04d4f000 rwxp 00015000 fd:00 50454      /lib/libtinfo.so.5.7
04d5b000-04de9000 r-xp 00000000 fd:00 59605      /usr/lib/libsqlite3.so.0.8.6
04de9000-04deb000 rwxp 0008d000 fd:00 59605      /usr/lib/libsqlite3.so.0.8.6
04ded000-04e65000 r-xp 00000000 fd:00 55778      /lib/libgcrypt.so.11.5.2
04e65000-04e68000 rwxp 00077000 fd:00 55778      /lib/libgcrypt.so.11.5.2
04e6a000-04e6e000 r-xp 00000000 fd:00 51034      /lib/libplc4.so
04e6e000-04e6f000 rwxp 00003000 fd:00 51034      /lib/libplc4.so
04e71000-04eab000 r-xp 00000000 fd:00 12249      /lib/libnspr4.so
04eab000-04eac000 rwxp 0003a000 fd:00 12249      /lib/libnspr4.so
04eac000-04eae000 rwxp 00000000 00:00 0 
04ebb000-04ebe000 r-xp 00000000 fd:00 51126      /lib/libplds4.so
04ebe000-04ebf000 rwxp 00002000 fd:00 51126      /lib/libplds4.so
04edd000-04ef4000 r-xp 00000000 fd:00 51127      /usr/lib/libnssutil3.so
04ef4000-04ef7000 rwxp 00017000 fd:00 51127      /usr/lib/libnssutil3.so
04ef9000-0502c000 r-xp 00000000 fd:00 51181      /usr/lib/libnss3.so
0502c000-05030000 rwxp 00132000 fd:00 51181      /usr/lib/libnss3.so
05030000-05031000 rwxp 00000000 00:00 0 
05055000-05066000 r-xp 00000000 fd:00 22388      /usr/lib/libtasn1.so.3.1.6
05066000-05067000 rwxp 00010000 fd:00 22388      /usr/lib/libtasn1.so.3.1.6
05075000-0509c000 r-xp 00000000 fd:00 58877      /usr/lib/libsmime3.so
0509c000-0509e000 rwxp 00027000 fd:00 58877      /usr/lib/libsmime3.so
050a0000-050d3000 r-xp 00000000 fd:00 58869      /usr/lib/libssl3.so
050d3000-050d5000 rwxp 00033000 fd:00 58869      /usr/lib/libssl3.so
050d7000-050ea000 r-xp 00000000 fd:00 79095      /usr/lib/libexslt.so.0.8.15
050ea000-050eb000 rwxp 00012000 fd:00 79095      /usr/lib/libexslt.so.0.8.15
05104000-0511b000 r-xp 00000000 fd:00 24373      /lib/libnsl-2.11.1.so
0511b000-0511c000 r-xp 00016000 fd:00 24373      /lib/libnsl-2.11.1.so
0511c000-0511d000 rwxp 00017000 fd:00 24373      /lib/libnsl-2.11.1.so
0511d000-0511f000 rwxp 00000000 00:00 0 
05121000-051c5000 r-xp 00000000 fd:00 55802      /usr/lib/libgnutls.so.26.14.12
051c5000-051c9000 rwxp 000a4000 fd:00 55802      /usr/lib/libgnutls.so.26.14.12
051cb000-051d8000 r-xp 00000000 fd:00 50371      /usr/lib/liblber-2.4.so.2.5.2
051d8000-051d9000 rwxp 0000c000 fd:00 50371      /usr/lib/liblber-2.4.so.2.5.2
051db000-0520c000 r-xp 00000000 fd:00 7272       /lib/libidn.so.11.5.38
0520c000-0520d000 rwxp 00030000 fd:00 7272       /lib/libidn.so.11.5.38
052aa000-052d0000 r-xp 00000000 fd:00 58953      /usr/lib/libssh2.so.1.0.1
052d0000-052d1000 rwxp 00026000 fd:00 58953      /usr/lib/libssh2.so.1.0.1
05454000-0548e000 r-xp 00000000 fd:00 14188      /usr/lib/libxslt.so.1.1.26
0548e000-0548f000 rwxp 0003a000 fd:00 14188      /usr/lib/libxslt.so.1.1.26
08048000-08052000 r-xp 00000000 fd:00 362774     /usr/java/jdk1.6.0_17/jre/bin/java
08052000-08053000 rwxp 00009000 fd:00 362774     /usr/java/jdk1.6.0_17/jre/bin/java
09d2f000-09e11000 rwxp 00000000 00:00 0          [heap]
90200000-9026b000 rwxp 00000000 00:00 0 
9026b000-90300000 ---p 00000000 00:00 0 
903f4000-903f5000 ---p 00000000 00:00 0 
903f5000-90475000 rwxp 00000000 00:00 0 
90475000-90478000 ---p 00000000 00:00 0 
90478000-904c6000 rwxp 00000000 00:00 0 
904c6000-904c9000 ---p 00000000 00:00 0 
904c9000-90547000 rwxp 00000000 00:00 0 
90547000-9054a000 ---p 00000000 00:00 0 
9054a000-905c8000 rwxp 00000000 00:00 0 
905c8000-905cb000 ---p 00000000 00:00 0 
905cb000-90619000 rwxp 00000000 00:00 0 
90619000-90819000 r-xp 00000000 fd:00 68052      /usr/lib/locale/locale-archive
90819000-9081c000 ---p 00000000 00:00 0 
9081c000-9086a000 rwxp 00000000 00:00 0 
9086a000-90a00000 r-xs 02fb6000 fd:00 364268     /usr/java/jdk1.6.0_17/jre/lib/rt.jar
90a00000-90ae6000 rwxp 00000000 00:00 0 
90ae6000-90b00000 ---p 00000000 00:00 0 
90b2e000-90b31000 ---p 00000000 00:00 0 
90b31000-90b7f000 rwxp 00000000 00:00 0 
90b7f000-90b80000 ---p 00000000 00:00 0 
90b80000-90c00000 rwxp 00000000 00:00 0 
90c00000-90c21000 rwxp 00000000 00:00 0 
90c21000-90d00000 ---p 00000000 00:00 0 
90d1f000-90d24000 r-xp 00000000 fd:00 6721       /usr/lib/libffi.so.5.0.6
90d24000-90d25000 rwxp 00005000 fd:00 6721       /usr/lib/libffi.so.5.0.6
90d35000-90d3c000 r-xs 00000000 fd:00 27616      /usr/lib/gconv/gconv-modules.cache
90d3c000-90d4d000 r-xp 00000000 fd:00 546725     /usr/lib/jna/libjnidispatch.so
90d4d000-90d4e000 rwxp 00011000 fd:00 546725     /usr/lib/jna/libjnidispatch.so
90d4e000-90d4f000 ---p 00000000 00:00 0 
90d4f000-90dcf000 rwxp 00000000 00:00 0 
90dcf000-90dd0000 ---p 00000000 00:00 0 
90dd0000-90e5e000 rwxp 00000000 00:00 0 
90e5e000-90f2a000 rwxp 00000000 00:00 0 
90f2a000-90f32000 rwxp 00000000 00:00 0 
90f32000-90f4a000 rwxp 00000000 00:00 0 
90f4a000-90f58000 rwxp 00000000 00:00 0 
90f58000-91023000 rwxp 00000000 00:00 0 
91023000-91026000 rwxp 00000000 00:00 0 
91026000-9103f000 rwxp 00000000 00:00 0 
9103f000-92040000 rwxp 00000000 00:00 0 
92040000-95040000 rwxp 00000000 00:00 0 
95040000-96b80000 rwxp 00000000 00:00 0 
96b80000-b03d0000 rwxp 00000000 00:00 0 
b03d0000-b07d0000 rwxp 00000000 00:00 0 
b07d0000-b3a40000 rwxp 00000000 00:00 0 
b3a40000-b3a49000 rwxp 00000000 00:00 0 
b3a49000-b3b00000 rwxp 00000000 00:00 0 
b3b00000-b3d40000 rwxp 00000000 00:00 0 
b3d40000-b6c00000 rwxp 00000000 00:00 0 
b6c04000-b6c18000 r-xs 00134000 fd:00 70545      /usr/share/java/ant-1.7.1.jar
b6c18000-b6c53000 rwxp 00000000 00:00 0 
b6c53000-b6c6b000 rwxp 00000000 00:00 0 
b6c6b000-b6c7a000 r-xp 00000000 fd:00 362988     /usr/java/jdk1.6.0_17/jre/lib/i386/libzip.so
b6c7a000-b6c7c000 rwxp 0000e000 fd:00 362988     /usr/java/jdk1.6.0_17/jre/lib/i386/libzip.so
b6c7c000-b6c87000 r-xp 00000000 fd:00 54396      /lib/libnss_files-2.11.1.so
b6c87000-b6c88000 r-xp 0000a000 fd:00 54396      /lib/libnss_files-2.11.1.so
b6c88000-b6c89000 rwxp 0000b000 fd:00 54396      /lib/libnss_files-2.11.1.so
b6c8d000-b6c90000 r-xs 00015000 fd:00 282631     /usr/share/java/ant/ant-junit-1.7.1.jar
b6c90000-b6c91000 r-xs 00002000 fd:00 70604      /usr/share/java/ant-launcher-1.7.1.jar
b6c91000-b6c95000 r-xs 0002c000 fd:00 66303      /usr/share/java/junit-3.8.2.jar
b6c95000-b6c98000 r-xs 0002e000 fd:00 43934      /usr/share/java/jna-3.2.4.jar
b6c98000-b6ca0000 rwxs 00000000 fd:00 656802     /tmp/hsperfdata_bkearney/14643
b6ca0000-b6cc3000 r-xp 00000000 fd:00 362964     /usr/java/jdk1.6.0_17/jre/lib/i386/libjava.so
b6cc3000-b6cc5000 rwxp 00023000 fd:00 362964     /usr/java/jdk1.6.0_17/jre/lib/i386/libjava.so
b6cc5000-b6cc8000 ---p 00000000 00:00 0 
b6cc8000-b6d16000 rwxp 00000000 00:00 0          [threadstack:0004d494]
b6d16000-b73e3000 r-xp 00000000 fd:00 362996     /usr/java/jdk1.6.0_17/jre/lib/i386/server/libjvm.so
b73e3000-b7431000 rwxp 006cc000 fd:00 362996     /usr/java/jdk1.6.0_17/jre/lib/i386/server/libjvm.so
b7431000-b7855000 rwxp 00000000 00:00 0 
b7855000-b785c000 r-xp 00000000 fd:00 362947     /usr/java/jdk1.6.0_17/jre/lib/i386/jli/libjli.so
b785c000-b785e000 rwxp 00006000 fd:00 362947     /usr/java/jdk1.6.0_17/jre/lib/i386/jli/libjli.so
b785e000-b785f000 rwxs 00000000 fd:00 13037      /tmp/ffiqjwMyx (deleted)
b785f000-b7860000 r-xs 00000000 fd:00 13037      /tmp/ffiqjwMyx (deleted)
b7860000-b7866000 r-xp 00000000 fd:00 362992     /usr/java/jdk1.6.0_17/jre/lib/i386/native_threads/libhpi.so
b7866000-b7867000 rwxp 00006000 fd:00 362992     /usr/java/jdk1.6.0_17/jre/lib/i386/native_threads/libhpi.so
b7867000-b7868000 rwxp 00000000 00:00 0 
b7868000-b7869000 r-xp 00000000 00:00 0 
b7869000-b7874000 r-xp 00000000 fd:00 362987     /usr/java/jdk1.6.0_17/jre/lib/i386/libverify.so
b7874000-b7875000 rwxp 0000b000 fd:00 362987     /usr/java/jdk1.6.0_17/jre/lib/i386/libverify.so
b7875000-b7876000 rwxp 00000000 00:00 0 
b7876000-b7877000 r-xp 00000000 00:00 0          [vdso]
bfa39000-bfa4f000 rwxp 00000000 00:00 0          [stack]

VM Arguments:
java_command: org.apache.tools.ant.taskdefs.optional.junit.JUnitTestRunner org.libvirt.TestJavaBindings filtertrace=true haltOnError=false haltOnFailure=false formatter=org.apache.tools.ant.taskdefs.optional.junit.SummaryJUnitResultFormatter showoutput=false outputtoformatters=true logtestlistenerevents=true formatter=org.apache.tools.ant.taskdefs.optional.junit.PlainJUnitResultFormatter,/home/bkearney/code/libvirt-java/target/testResults.txt crashfile=/home/bkearney/code/libvirt-java/junitvmwatcher3540608887992532755.properties propsfile=/home/bkearney/code/libvirt-java/junit1431573597993203253.properties
Launcher Type: SUN_STANDARD

Environment Variables:
JAVA_HOME=/usr/java/jdk1.6.0_17
PATH=/home/bkearney/bin:/home/bkearney/bin/apache-maven-2.2.1//bin:/usr/java/jdk1.6.0_17/bin:/home/bkearney/bin:/home/bkearney/bin/apache-maven-2.2.1//bin:/usr/java/jdk1.6.0_17/bin:/usr/lib/qt-3.3/bin:/usr/kerberos/sbin:/usr/kerberos/bin:/usr/local/bin:/usr/bin:/bin:/usr/local/sbin:/usr/sbin:/sbin:/home/bkearney/grails-1.2.1/bin:/home/bkearney/grails-1.2.1/bin
USERNAME=bkearney
LD_LIBRARY_PATH=/usr/java/jdk1.6.0_17/jre/lib/i386/server:/usr/java/jdk1.6.0_17/jre/lib/i386:/usr/java/jdk1.6.0_17/jre/../lib/i386
SHELL=/bin/bash
DISPLAY=:0.0

Signal Handlers:
SIGSEGV: [libjvm.so+0x650710], sa_mask[0]=0x7ffbfeff, sa_flags=0x10000004
SIGBUS: [libjvm.so+0x650710], sa_mask[0]=0x7ffbfeff, sa_flags=0x10000004
SIGFPE: [libjvm.so+0x52f600], sa_mask[0]=0x7ffbfeff, sa_flags=0x10000004
SIGPIPE: [libjvm.so+0x52f600], sa_mask[0]=0x7ffbfeff, sa_flags=0x10000004
SIGXFSZ: [libjvm.so+0x52f600], sa_mask[0]=0x7ffbfeff, sa_flags=0x10000004
SIGILL: [libjvm.so+0x52f600], sa_mask[0]=0x7ffbfeff, sa_flags=0x10000004
SIGUSR1: SIG_DFL, sa_mask[0]=0x00000000, sa_flags=0x00000000
SIGUSR2: [libjvm.so+0x5321f0], sa_mask[0]=0x00000004, sa_flags=0x10000004
SIGHUP: [libjvm.so+0x531f20], sa_mask[0]=0x7ffbfeff, sa_flags=0x10000004
SIGINT: [libjvm.so+0x531f20], sa_mask[0]=0x7ffbfeff, sa_flags=0x10000004
SIGTERM: [libjvm.so+0x531f20], sa_mask[0]=0x7ffbfeff, sa_flags=0x10000004
SIGQUIT: [libjvm.so+0x531f20], sa_mask[0]=0x7ffbfeff, sa_flags=0x10000004


---------------  S Y S T E M  ---------------

OS:Fedora release 12 (Constantine)

uname:Linux 2.6.32.11-99.fc12.i686 #1 SMP Mon Apr 5 16:32:08 EDT 2010 i686
libc:glibc 2.11.1 NPTL 2.11.1 
rlimit: STACK 10240k, CORE 0k, NPROC 1024, NOFILE 1024, AS infinity
load average:0.25 0.10 0.09

CPU:total 2 (2 cores per cpu, 1 threads per core) family 6 model 23 stepping 6, cmov, cx8, fxsr, mmx, sse, sse2, sse3, ssse3, sse4.1

Memory: 4k page, physical 2005948k(49060k free), swap 4030456k(4019524k free)

vm_info: Java HotSpot(TM) Server VM (14.3-b01) for linux-x86 JRE (1.6.0_17-b04), built on Oct 11 2009 01:01:36 by "java_re" with gcc 3.2.1-7a (J2SE release)

